2024-12-19T20:02:13.226Z error: Error fetching exchange trade history: C:\Users\huber\Desktop\tbot\BC\exchangeTrades.json: Unexpected end of JSON input
2024-12-19T20:02:13.322Z error: Error fetching exchange trade history: C:\Users\huber\Desktop\tbot\BC\exchangeTrades.json: Unexpected end of JSON input
2024-12-19T20:02:43.094Z error: Error fetching exchange trade history: C:\Users\huber\Desktop\tbot\BC\exchangeTrades.json: Unexpected end of JSON input
2024-12-19T20:02:43.200Z error: Error fetching exchange trade history: C:\Users\huber\Desktop\tbot\BC\exchangeTrades.json: Unexpected end of JSON input
2024-12-19T20:03:13.093Z error: Error fetching exchange trade history: C:\Users\huber\Desktop\tbot\BC\exchangeTrades.json: Unexpected end of JSON input
2024-12-19T20:03:13.216Z error: Error fetching exchange trade history: C:\Users\huber\Desktop\tbot\BC\exchangeTrades.json: Unexpected end of JSON input
2024-12-19T20:03:43.086Z error: Error fetching exchange trade history: C:\Users\huber\Desktop\tbot\BC\exchangeTrades.json: Unexpected end of JSON input
2024-12-19T20:03:43.183Z error: Error fetching exchange trade history: C:\Users\huber\Desktop\tbot\BC\exchangeTrades.json: Unexpected end of JSON input
2024-12-19T20:04:13.080Z error: Error fetching exchange trade history: C:\Users\huber\Desktop\tbot\BC\exchangeTrades.json: Unexpected end of JSON input
2024-12-19T20:04:13.190Z error: Error fetching exchange trade history: C:\Users\huber\Desktop\tbot\BC\exchangeTrades.json: Unexpected end of JSON input
2024-12-19T20:04:43.061Z error: Error fetching exchange trade history: C:\Users\huber\Desktop\tbot\BC\exchangeTrades.json: Unexpected end of JSON input
2024-12-19T20:04:43.152Z error: Error fetching exchange trade history: C:\Users\huber\Desktop\tbot\BC\exchangeTrades.json: Unexpected end of JSON input
2024-12-19T20:05:13.081Z error: Error fetching exchange trade history: C:\Users\huber\Desktop\tbot\BC\exchangeTrades.json: Unexpected end of JSON input
2024-12-19T20:05:13.167Z error: Error fetching exchange trade history: C:\Users\huber\Desktop\tbot\BC\exchangeTrades.json: Unexpected end of JSON input
2024-12-19T20:05:43.185Z error: Error fetching exchange trade history: C:\Users\huber\Desktop\tbot\BC\exchangeTrades.json: Unexpected end of JSON input
2024-12-19T20:05:43.285Z error: Error fetching exchange trade history: C:\Users\huber\Desktop\tbot\BC\exchangeTrades.json: Unexpected end of JSON input
2024-12-19T20:06:13.083Z error: Error fetching exchange trade history: C:\Users\huber\Desktop\tbot\BC\exchangeTrades.json: Unexpected end of JSON input
2024-12-19T20:06:13.186Z error: Error fetching exchange trade history: C:\Users\huber\Desktop\tbot\BC\exchangeTrades.json: Unexpected end of JSON input
2024-12-19T20:06:43.073Z error: Error fetching exchange trade history: C:\Users\huber\Desktop\tbot\BC\exchangeTrades.json: Unexpected end of JSON input
2024-12-19T20:06:43.169Z error: Error fetching exchange trade history: C:\Users\huber\Desktop\tbot\BC\exchangeTrades.json: Unexpected end of JSON input
2024-12-19T20:07:13.069Z error: Error fetching exchange trade history: C:\Users\huber\Desktop\tbot\BC\exchangeTrades.json: Unexpected end of JSON input
2024-12-19T20:07:13.174Z error: Error fetching exchange trade history: C:\Users\huber\Desktop\tbot\BC\exchangeTrades.json: Unexpected end of JSON input
2024-12-19T20:07:43.096Z error: Error fetching exchange trade history: C:\Users\huber\Desktop\tbot\BC\exchangeTrades.json: Unexpected end of JSON input
2024-12-19T20:07:43.199Z error: Error fetching exchange trade history: C:\Users\huber\Desktop\tbot\BC\exchangeTrades.json: Unexpected end of JSON input
2024-12-19T20:08:13.078Z error: Error fetching exchange trade history: C:\Users\huber\Desktop\tbot\BC\exchangeTrades.json: Unexpected end of JSON input
2024-12-19T20:08:13.176Z error: Error fetching exchange trade history: C:\Users\huber\Desktop\tbot\BC\exchangeTrades.json: Unexpected end of JSON input
2024-12-19T20:08:43.083Z error: Error fetching exchange trade history: C:\Users\huber\Desktop\tbot\BC\exchangeTrades.json: Unexpected end of JSON input
2024-12-19T20:08:43.180Z error: Error fetching exchange trade history: C:\Users\huber\Desktop\tbot\BC\exchangeTrades.json: Unexpected end of JSON input
2024-12-19T20:09:13.069Z error: Error fetching exchange trade history: C:\Users\huber\Desktop\tbot\BC\exchangeTrades.json: Unexpected end of JSON input
2024-12-19T20:09:13.151Z error: Error fetching exchange trade history: C:\Users\huber\Desktop\tbot\BC\exchangeTrades.json: Unexpected end of JSON input
2024-12-19T20:09:43.101Z error: Error fetching exchange trade history: C:\Users\huber\Desktop\tbot\BC\exchangeTrades.json: Unexpected end of JSON input
2024-12-19T20:09:43.193Z error: Error fetching exchange trade history: C:\Users\huber\Desktop\tbot\BC\exchangeTrades.json: Unexpected end of JSON input
2024-12-19T20:10:13.064Z error: Error fetching exchange trade history: C:\Users\huber\Desktop\tbot\BC\exchangeTrades.json: Unexpected end of JSON input
2024-12-19T20:10:13.153Z error: Error fetching exchange trade history: C:\Users\huber\Desktop\tbot\BC\exchangeTrades.json: Unexpected end of JSON input
2024-12-19T20:10:43.083Z error: Error fetching exchange trade history: C:\Users\huber\Desktop\tbot\BC\exchangeTrades.json: Unexpected end of JSON input
2024-12-19T20:10:43.177Z error: Error fetching exchange trade history: C:\Users\huber\Desktop\tbot\BC\exchangeTrades.json: Unexpected end of JSON input
2024-12-19T20:11:13.101Z error: Error fetching exchange trade history: C:\Users\huber\Desktop\tbot\BC\exchangeTrades.json: Unexpected end of JSON input
2024-12-19T20:11:13.206Z error: Error fetching exchange trade history: C:\Users\huber\Desktop\tbot\BC\exchangeTrades.json: Unexpected end of JSON input
2024-12-19T20:11:43.102Z error: Error fetching exchange trade history: C:\Users\huber\Desktop\tbot\BC\exchangeTrades.json: Unexpected end of JSON input
2024-12-19T20:11:43.218Z error: Error fetching exchange trade history: C:\Users\huber\Desktop\tbot\BC\exchangeTrades.json: Unexpected end of JSON input
2024-12-19T20:12:13.066Z error: Error fetching exchange trade history: C:\Users\huber\Desktop\tbot\BC\exchangeTrades.json: Unexpected end of JSON input
2024-12-19T20:12:13.176Z error: Error fetching exchange trade history: C:\Users\huber\Desktop\tbot\BC\exchangeTrades.json: Unexpected end of JSON input
2024-12-19T20:13:14.979Z error: Error fetching exchange trade history: C:\Users\huber\Desktop\tbot\BC\exchangeTrades.json: Unexpected end of JSON input
2024-12-19T20:13:15.076Z error: Error fetching exchange trade history: C:\Users\huber\Desktop\tbot\BC\exchangeTrades.json: Unexpected end of JSON input
2024-12-19T20:13:37.217Z error: Error fetching exchange trade history: C:\Users\huber\Desktop\tbot\BC\exchangeTrades.json: Unexpected end of JSON input
2024-12-19T20:13:42.398Z error: Error fetching exchange trade history: C:\Users\huber\Desktop\tbot\BC\exchangeTrades.json: Unexpected end of JSON input
2024-12-19T20:13:43.926Z error: Error fetching exchange trade history: C:\Users\huber\Desktop\tbot\BC\exchangeTrades.json: Unexpected end of JSON input
2024-12-19T20:13:44.717Z error: Error fetching exchange trade history: C:\Users\huber\Desktop\tbot\BC\exchangeTrades.json: Unexpected end of JSON input
2024-12-19T20:13:44.808Z error: Error fetching exchange trade history: C:\Users\huber\Desktop\tbot\BC\exchangeTrades.json: Unexpected end of JSON input
2024-12-19T20:13:45.352Z error: Error fetching exchange trade history: C:\Users\huber\Desktop\tbot\BC\exchangeTrades.json: Unexpected end of JSON input
2024-12-19T20:14:18.681Z error: Error fetching exchange trade history: C:\Users\huber\Desktop\tbot\BC\exchangeTrades.json: Unexpected end of JSON input
2024-12-19T20:14:18.757Z error: Error fetching exchange trade history: C:\Users\huber\Desktop\tbot\BC\exchangeTrades.json: Unexpected end of JSON input
2024-12-19T20:16:06.842Z error: Error fetching exchange trade history: C:\Users\huber\Desktop\tbot\BC\exchangeTrades.json: Unexpected end of JSON input
2024-12-19T20:16:06.902Z error: Error fetching exchange trade history: C:\Users\huber\Desktop\tbot\BC\exchangeTrades.json: Unexpected end of JSON input
2024-12-19T20:16:06.959Z error: Error fetching exchange trade history: C:\Users\huber\Desktop\tbot\BC\exchangeTrades.json: Unexpected end of JSON input
2024-12-19T20:16:07.052Z error: Error fetching exchange trade history: C:\Users\huber\Desktop\tbot\BC\exchangeTrades.json: Unexpected end of JSON input
2024-12-19T20:16:07.137Z error: Error fetching exchange trade history: C:\Users\huber\Desktop\tbot\BC\exchangeTrades.json: Unexpected end of JSON input
2024-12-19T20:16:07.226Z error: Error fetching exchange trade history: C:\Users\huber\Desktop\tbot\BC\exchangeTrades.json: Unexpected end of JSON input
2024-12-19T20:16:20.496Z error: Error fetching exchange trade history: C:\Users\huber\Desktop\tbot\BC\exchangeTrades.json: Unexpected end of JSON input
2024-12-19T20:16:20.609Z error: Error fetching exchange trade history: C:\Users\huber\Desktop\tbot\BC\exchangeTrades.json: Unexpected end of JSON input
2024-12-19T20:16:48.524Z error: Error fetching exchange trade history: C:\Users\huber\Desktop\tbot\BC\exchangeTrades.json: Unexpected end of JSON input
2024-12-19T20:16:48.618Z error: Error fetching exchange trade history: C:\Users\huber\Desktop\tbot\BC\exchangeTrades.json: Unexpected end of JSON input
2024-12-19T20:17:18.556Z error: Error fetching exchange trade history: C:\Users\huber\Desktop\tbot\BC\exchangeTrades.json: Unexpected end of JSON input
2024-12-19T20:17:18.673Z error: Error fetching exchange trade history: C:\Users\huber\Desktop\tbot\BC\exchangeTrades.json: Unexpected end of JSON input
2025-01-18T00:31:47.104Z error: Error updating ECI settings: readIndicatorDB is not defined
2025-01-18T00:39:14.399Z error: Error updating ECI settings: ENOENT: no such file or directory, rename 'C:\Users\huber\Desktop\tbot\TV\eci_long.json.tmp' -> 'C:\Users\huber\Desktop\tbot\TV\eci_long.json'
2025-01-18T00:50:44.370Z error: Error updating ECI settings: EPERM: operation not permitted, rename 'C:\Users\huber\Desktop\tbot\TV\eci_long.json.tmp' -> 'C:\Users\huber\Desktop\tbot\TV\eci_long.json'
2025-01-18T00:50:44.372Z error: Error updating ECI settings: EPERM: operation not permitted, rename 'C:\Users\huber\Desktop\tbot\TV\eci_long.json.tmp' -> 'C:\Users\huber\Desktop\tbot\TV\eci_long.json'
2025-01-18T00:50:44.375Z error: Error updating ECI settings: EPERM: operation not permitted, rename 'C:\Users\huber\Desktop\tbot\TV\eci_long.json.tmp' -> 'C:\Users\huber\Desktop\tbot\TV\eci_long.json'
2025-01-18T00:50:44.376Z error: Error updating ECI settings: EPERM: operation not permitted, rename 'C:\Users\huber\Desktop\tbot\TV\eci_long.json.tmp' -> 'C:\Users\huber\Desktop\tbot\TV\eci_long.json'
2025-01-18T00:50:44.377Z error: Error updating ECI settings: EPERM: operation not permitted, rename 'C:\Users\huber\Desktop\tbot\TV\eci_long.json.tmp' -> 'C:\Users\huber\Desktop\tbot\TV\eci_long.json'
2025-01-18T00:50:44.378Z error: Error updating ECI settings: EPERM: operation not permitted, rename 'C:\Users\huber\Desktop\tbot\TV\eci_long.json.tmp' -> 'C:\Users\huber\Desktop\tbot\TV\eci_long.json'
2025-01-18T00:50:44.379Z error: Error updating ECI settings: EPERM: operation not permitted, rename 'C:\Users\huber\Desktop\tbot\TV\eci_long.json.tmp' -> 'C:\Users\huber\Desktop\tbot\TV\eci_long.json'
2025-01-18T00:50:44.380Z error: Error updating ECI settings: EPERM: operation not permitted, rename 'C:\Users\huber\Desktop\tbot\TV\eci_long.json.tmp' -> 'C:\Users\huber\Desktop\tbot\TV\eci_long.json'
2025-01-18T00:50:44.381Z error: Error updating ECI settings: EPERM: operation not permitted, rename 'C:\Users\huber\Desktop\tbot\TV\eci_long.json.tmp' -> 'C:\Users\huber\Desktop\tbot\TV\eci_long.json'
2025-01-18T00:50:44.383Z error: Error updating ECI settings: EPERM: operation not permitted, rename 'C:\Users\huber\Desktop\tbot\TV\eci_long.json.tmp' -> 'C:\Users\huber\Desktop\tbot\TV\eci_long.json'
2025-01-18T00:50:44.384Z error: Error updating ECI settings: EPERM: operation not permitted, rename 'C:\Users\huber\Desktop\tbot\TV\eci_long.json.tmp' -> 'C:\Users\huber\Desktop\tbot\TV\eci_long.json'
2025-01-18T00:51:24.642Z error: Error updating ECI settings: ENOENT: no such file or directory, rename 'C:\Users\huber\Desktop\tbot\TV\eci_long.json.tmp' -> 'C:\Users\huber\Desktop\tbot\TV\eci_long.json'
2025-01-18T00:51:24.644Z error: Error updating ECI settings: ENOENT: no such file or directory, rename 'C:\Users\huber\Desktop\tbot\TV\eci_long.json.tmp' -> 'C:\Users\huber\Desktop\tbot\TV\eci_long.json'
2025-01-18T00:51:24.645Z error: Error updating ECI settings: ENOENT: no such file or directory, rename 'C:\Users\huber\Desktop\tbot\TV\eci_long.json.tmp' -> 'C:\Users\huber\Desktop\tbot\TV\eci_long.json'
2025-01-18T00:51:24.646Z error: Error updating ECI settings: ENOENT: no such file or directory, rename 'C:\Users\huber\Desktop\tbot\TV\eci_long.json.tmp' -> 'C:\Users\huber\Desktop\tbot\TV\eci_long.json'
2025-01-18T00:51:24.647Z error: Error updating ECI settings: ENOENT: no such file or directory, rename 'C:\Users\huber\Desktop\tbot\TV\eci_long.json.tmp' -> 'C:\Users\huber\Desktop\tbot\TV\eci_long.json'
2025-01-18T00:51:24.648Z error: Error updating ECI settings: ENOENT: no such file or directory, rename 'C:\Users\huber\Desktop\tbot\TV\eci_long.json.tmp' -> 'C:\Users\huber\Desktop\tbot\TV\eci_long.json'
2025-01-18T00:51:24.649Z error: Error updating ECI settings: ENOENT: no such file or directory, rename 'C:\Users\huber\Desktop\tbot\TV\eci_long.json.tmp' -> 'C:\Users\huber\Desktop\tbot\TV\eci_long.json'
2025-01-18T00:51:24.650Z error: Error updating ECI settings: ENOENT: no such file or directory, rename 'C:\Users\huber\Desktop\tbot\TV\eci_long.json.tmp' -> 'C:\Users\huber\Desktop\tbot\TV\eci_long.json'
2025-01-18T00:51:24.651Z error: Error updating ECI settings: ENOENT: no such file or directory, rename 'C:\Users\huber\Desktop\tbot\TV\eci_long.json.tmp' -> 'C:\Users\huber\Desktop\tbot\TV\eci_long.json'
2025-01-18T00:51:24.990Z error: Error updating ECI settings: ENOENT: no such file or directory, rename 'C:\Users\huber\Desktop\tbot\TV\eci_long.json.tmp' -> 'C:\Users\huber\Desktop\tbot\TV\eci_long.json'
2025-01-18T00:51:24.991Z error: Error updating ECI settings: ENOENT: no such file or directory, rename 'C:\Users\huber\Desktop\tbot\TV\eci_long.json.tmp' -> 'C:\Users\huber\Desktop\tbot\TV\eci_long.json'
2025-01-18T00:51:24.992Z error: Error updating ECI settings: ENOENT: no such file or directory, rename 'C:\Users\huber\Desktop\tbot\TV\eci_long.json.tmp' -> 'C:\Users\huber\Desktop\tbot\TV\eci_long.json'
2025-01-18T00:51:56.367Z error: Error updating ECI settings: EPERM: operation not permitted, rename 'C:\Users\huber\Desktop\tbot\TV\eci_long.json.tmp' -> 'C:\Users\huber\Desktop\tbot\TV\eci_long.json'
2025-01-18T00:51:56.368Z error: Error updating ECI settings: EPERM: operation not permitted, rename 'C:\Users\huber\Desktop\tbot\TV\eci_long.json.tmp' -> 'C:\Users\huber\Desktop\tbot\TV\eci_long.json'
2025-01-18T00:51:56.371Z error: Error updating ECI settings: EPERM: operation not permitted, rename 'C:\Users\huber\Desktop\tbot\TV\eci_long.json.tmp' -> 'C:\Users\huber\Desktop\tbot\TV\eci_long.json'
2025-01-18T02:15:32.937Z error: Error updating ECI settings: ENOENT: no such file or directory, rename 'C:\Users\huber\Desktop\tbot\TV\eci_long.json.tmp' -> 'C:\Users\huber\Desktop\tbot\TV\eci_long.json'
2025-01-18T13:38:44.922Z error: Error fetching balances: Invalid API-key, IP, or permissions for action, request ip: 37.47.210.177
